This file contains any messages produced by compilers while
running configure, to aid debugging if configure makes a mistake.

It was created by BattOr Reader configure 1.0, which was
generated by GNU Autoconf 2.69.  Invocation command line was

  $ ./configure 

## --------- ##
## Platform. ##
## --------- ##

hostname = mellowretina.local
uname -m = x86_64
uname -r = 13.1.0
uname -s = Darwin
uname -v = Darwin Kernel Version 13.1.0: Thu Jan 16 19:40:37 PST 2014; root:xnu-2422.90.20~2/RELEASE_X86_64

/usr/bin/uname -p = i386
/bin/uname -X     = unknown

/bin/arch              = unknown
/usr/bin/arch -k       = unknown
/usr/convex/getsysinfo = unknown
/usr/bin/hostinfo      = Mach kernel version:
	 Darwin Kernel Version 13.1.0: Thu Jan 16 19:40:37 PST 2014; root:xnu-2422.90.20~2/RELEASE_X86_64
Kernel configured for up to 8 processors.
4 processors are physically available.
8 processors are logically available.
Processor type: i486 (Intel 80486)
Processors active: 0 1 2 3 4 5 6 7
Primary memory available: 16.00 gigabytes
Default processor set: 252 tasks, 1244 threads, 8 processors
Load average: 1.73, Mach factor: 6.26
/bin/machine           = unknown
/usr/bin/oslevel       = unknown
/bin/universe          = unknown

PATH: /opt/local/libexec/gnubin
PATH: /opt/local/bin
PATH: /opt/local/sbin
PATH: /usr/bin
PATH: /bin
PATH: /usr/sbin
PATH: /sbin
PATH: /usr/local/bin


## ----------- ##
## Core tests. ##
## ----------- ##

configure:1833: checking for a BSD-compatible install
configure:1901: result: /opt/local/libexec/gnubin/install -c
configure:1912: checking whether build environment is sane
configure:1967: result: yes
configure:2005: WARNING: 'missing' script is too old or missing
configure:2118: checking for a thread-safe mkdir -p
configure:2157: result: /opt/local/libexec/gnubin/mkdir -p
configure:2164: checking for gawk
configure:2180: found /opt/local/bin/gawk
configure:2191: result: gawk
configure:2202: checking whether make sets $(MAKE)
configure:2224: result: yes
configure:2253: checking whether make supports nested variables
configure:2270: result: yes
configure:2442: checking for gcc
configure:2458: found /usr/bin/gcc
configure:2469: result: gcc
configure:2698: checking for C compiler version
configure:2707: gcc --version >&5
Apple LLVM version 5.1 (clang-503.0.40) (based on LLVM 3.4svn)
Target: x86_64-apple-darwin13.1.0
Thread model: posix
Configured with: --prefix=/Applications/Xcode.app/Contents/Developer/usr --with-gxx-include-dir=/usr/include/c++/4.2.1
configure:2718: $? = 0
configure:2707: gcc -v >&5
Configured with: --prefix=/Applications/Xcode.app/Contents/Developer/usr --with-gxx-include-dir=/usr/include/c++/4.2.1
Apple LLVM version 5.1 (clang-503.0.40) (based on LLVM 3.4svn)
Target: x86_64-apple-darwin13.1.0
Thread model: posix
configure:2718: $? = 0
configure:2707: gcc -V >&5
clang: error: argument to '-V' is missing (expected 1 value)
clang: error: no input files
configure:2718: $? = 1
configure:2707: gcc -qversion >&5
clang: error: unknown argument: '-qversion' [-Wunused-command-line-argument-hard-error-in-future]
clang: note: this will be a hard error (cannot be downgraded to a warning) in the future
clang: error: no input files
configure:2718: $? = 1
configure:2738: checking whether the C compiler works
configure:2760: gcc -g   conftest.c  >&5
configure:2764: $? = 0
configure:2812: result: yes
configure:2815: checking for C compiler default output file name
configure:2817: result: a.out
configure:2823: checking for suffix of executables
configure:2830: gcc -o conftest -g   conftest.c  >&5
configure:2834: $? = 0
configure:2856: result: 
configure:2878: checking whether we are cross compiling
configure:2886: gcc -o conftest -g   conftest.c  >&5
configure:2890: $? = 0
configure:2897: ./conftest
configure:2901: $? = 0
configure:2916: result: no
configure:2921: checking for suffix of object files
configure:2943: gcc -c -g  conftest.c >&5
configure:2947: $? = 0
configure:2968: result: o
configure:2972: checking whether we are using the GNU C compiler
configure:2991: gcc -c -g  conftest.c >&5
configure:2991: $? = 0
configure:3000: result: yes
configure:3009: checking whether gcc accepts -g
configure:3029: gcc -c -g  conftest.c >&5
configure:3029: $? = 0
configure:3070: result: yes
configure:3087: checking for gcc option to accept ISO C89
configure:3150: gcc  -c -g  conftest.c >&5
configure:3150: $? = 0
configure:3163: result: none needed
configure:3188: checking whether gcc understands -c and -o together
configure:3210: gcc -c conftest.c -o conftest2.o
configure:3213: $? = 0
configure:3210: gcc -c conftest.c -o conftest2.o
configure:3213: $? = 0
configure:3225: result: yes
configure:3253: checking for style of include used by make
configure:3281: result: GNU
configure:3307: checking dependency style of gcc
configure:3418: result: gcc3
configure:3543: checking that generated files are newer than configure
configure:3549: result: done
configure:3572: creating ./config.status

## ---------------------- ##
## Running config.status. ##
## ---------------------- ##

This file was extended by BattOr Reader config.status 1.0, which was
generated by GNU Autoconf 2.69.  Invocation command line was

  CONFIG_FILES    = 
  CONFIG_HEADERS  = 
  CONFIG_LINKS    = 
  CONFIG_COMMANDS = 
  $ ./config.status 

on mellowretina.local

config.status:838: creating Makefile
config.status:838: creating config.h
config.status:1019: config.h is unchanged
config.status:1067: executing depfiles commands

## ---------------- ##
## Cache variables. ##
## ---------------- ##

ac_cv_c_compiler_gnu=yes
ac_cv_env_CC_set=
ac_cv_env_CC_value=
ac_cv_env_CFLAGS_set=
ac_cv_env_CFLAGS_value=
ac_cv_env_CPPFLAGS_set=
ac_cv_env_CPPFLAGS_value=
ac_cv_env_LDFLAGS_set=
ac_cv_env_LDFLAGS_value=
ac_cv_env_LIBS_set=
ac_cv_env_LIBS_value=
ac_cv_env_build_alias_set=
ac_cv_env_build_alias_value=
ac_cv_env_host_alias_set=
ac_cv_env_host_alias_value=
ac_cv_env_target_alias_set=
ac_cv_env_target_alias_value=
ac_cv_objext=o
ac_cv_path_install='/opt/local/libexec/gnubin/install -c'
ac_cv_path_mkdir=/opt/local/libexec/gnubin/mkdir
ac_cv_prog_AWK=gawk
ac_cv_prog_ac_ct_CC=gcc
ac_cv_prog_cc_c89=
ac_cv_prog_cc_g=yes
ac_cv_prog_make_make_set=yes
am_cv_CC_dependencies_compiler_type=gcc3
am_cv_make_support_nested_variables=yes
am_cv_prog_cc_c_o=yes

## ----------------- ##
## Output variables. ##
## ----------------- ##

ACLOCAL='aclocal-1.14'
AMDEPBACKSLASH='\'
AMDEP_FALSE='#'
AMDEP_TRUE=''
AMTAR='$${TAR-tar}'
AM_BACKSLASH='\'
AM_DEFAULT_V='$(AM_DEFAULT_VERBOSITY)'
AM_DEFAULT_VERBOSITY='1'
AM_V='$(V)'
AUTOCONF='autoconf'
AUTOHEADER='autoheader'
AUTOMAKE='automake-1.14'
AWK='gawk'
CC='gcc'
CCDEPMODE='depmode=gcc3'
CFLAGS='-g'
CPPFLAGS=''
CYGPATH_W='echo'
DEFS='-DHAVE_CONFIG_H'
DEPDIR='.deps'
ECHO_C='\c'
ECHO_N=''
ECHO_T=''
EXEEXT=''
INSTALL_DATA='${INSTALL} -m 644'
INSTALL_PROGRAM='${INSTALL}'
INSTALL_SCRIPT='${INSTALL}'
INSTALL_STRIP_PROGRAM='$(install_sh) -c -s'
LDFLAGS=''
LIBOBJS=''
LIBS=''
LTLIBOBJS=''
MAKEINFO='makeinfo'
MKDIR_P='/opt/local/libexec/gnubin/mkdir -p'
OBJEXT='o'
PACKAGE='battor-reader'
PACKAGE_BUGREPORT='schulman@cs.umd.edu'
PACKAGE_NAME='BattOr Reader'
PACKAGE_STRING='BattOr Reader 1.0'
PACKAGE_TARNAME='battor-reader'
PACKAGE_URL='http://www.cs.umd.edu/~schulman/battor.html'
PACKAGE_VERSION='1.0'
PATH_SEPARATOR=':'
SET_MAKE=''
SHELL='/bin/sh'
STRIP=''
VERSION='1.0'
ac_ct_CC='gcc'
am__EXEEXT_FALSE=''
am__EXEEXT_TRUE='#'
am__fastdepCC_FALSE='#'
am__fastdepCC_TRUE=''
am__include='include'
am__isrc=''
am__leading_dot='.'
am__nodep='_no'
am__quote=''
am__tar='$${TAR-tar} chof - "$$tardir"'
am__untar='$${TAR-tar} xf -'
bindir='${exec_prefix}/bin'
build_alias=''
datadir='${datarootdir}'
datarootdir='${prefix}/share'
docdir='${datarootdir}/doc/${PACKAGE_TARNAME}'
dvidir='${docdir}'
exec_prefix='${prefix}'
host_alias=''
htmldir='${docdir}'
includedir='${prefix}/include'
infodir='${datarootdir}/info'
install_sh='${SHELL} /Users/aschulm/Projects/battor/src/reader_v2/install-sh'
libdir='${exec_prefix}/lib'
libexecdir='${exec_prefix}/libexec'
localedir='${datarootdir}/locale'
localstatedir='${prefix}/var'
mandir='${datarootdir}/man'
mkdir_p='$(MKDIR_P)'
oldincludedir='/usr/include'
pdfdir='${docdir}'
prefix='/usr/local'
program_transform_name='s,x,x,'
psdir='${docdir}'
sbindir='${exec_prefix}/sbin'
sharedstatedir='${prefix}/com'
sysconfdir='${prefix}/etc'
target_alias=''

## ----------- ##
## confdefs.h. ##
## ----------- ##

/* confdefs.h */
#define PACKAGE_NAME "BattOr Reader"
#define PACKAGE_TARNAME "battor-reader"
#define PACKAGE_VERSION "1.0"
#define PACKAGE_STRING "BattOr Reader 1.0"
#define PACKAGE_BUGREPORT "schulman@cs.umd.edu"
#define PACKAGE_URL "http://www.cs.umd.edu/~schulman/battor.html"

configure: exit 0

## ---------------------- ##
## Running config.status. ##
## ---------------------- ##

This file was extended by BattOr Reader config.status 1.0, which was
generated by GNU Autoconf 2.69.  Invocation command line was

  CONFIG_FILES    = 
  CONFIG_HEADERS  = 
  CONFIG_LINKS    = 
  CONFIG_COMMANDS = 
  $ ./config.status config.h

on mellowretina.local

config.status:838: creating config.h
config.status:1019: config.h is unchanged
